<?xml version="1.0" encoding="UTF-8"?>
<!-- Generated by org.testng.reporters.JUnitXMLReporter -->
<testsuite ignored="1" hostname="DM" failures="0" tests="1" name="Default test" time="10.411" errors="0" timestamp="2021-10-30T19:35:32 EET">
  <testcase classname="waits.WaitTests" name="testDynamicLoadingExample2" time="5.64"/>
  <testcase classname="waits.WaitTests" name="testDynamicLoadingExample1" time="0.0">
    <ignored/>
  </testcase> <!-- testDynamicLoadingExample1 -->
</testsuite> <!-- Default test -->
