<?xml version="1.0" encoding="UTF-8"?>
<!-- Generated by org.testng.reporters.JUnitXMLReporter -->
<testsuite ignored="2" hostname="DM" failures="0" tests="1" name="Default test" time="6.384" errors="0" timestamp="2021-11-01T16:48:06 EET">
  <testcase classname="navigation.NavigationTest" name="testRightClickToOpenNewTab" time="1.168"/>
  <testcase classname="navigation.NavigationTest" name="testNavigation" time="0.0">
    <ignored/>
  </testcase> <!-- testNavigation -->
  <testcase classname="navigation.NavigationTest" name="testWitchToTabs" time="0.0">
    <ignored/>
  </testcase> <!-- testWitchToTabs -->
</testsuite> <!-- Default test -->
