<?xml version="1.0" encoding="UTF-8"?>
<testng-results ignored="0" total="5" passed="5" failed="0" skipped="0">
  <reporter-output>
  </reporter-output>
  <suite started-at="2021-11-02T13:41:36 EET" name="Default suite" finished-at="2021-11-02T13:41:43 EET" duration-ms="7143">
    <groups>
    </groups>
    <test started-at="2021-11-02T13:41:36 EET" name="Default test" finished-at="2021-11-02T13:41:43 EET" duration-ms="7143">
      <class name="alerts.JSAlertTests">
        <test-method is-config="true" signature="setup()[pri:0, instance:alerts.JSAlertTests@1139b2f3]" started-at="2021-11-02T13:41:36 EET" name="setup" finished-at="2021-11-02T13:41:40 EET" duration-ms="3604" status="PASS">
          <reporter-output>
          </reporter-output>
        </test-method> <!-- setup -->
        <test-method is-config="true" signature="goHome()[pri:0, instance:alerts.JSAlertTests@1139b2f3]" started-at="2021-11-02T13:41:40 EET" name="goHome" finished-at="2021-11-02T13:41:40 EET" duration-ms="202" status="PASS">
          <reporter-output>
          </reporter-output>
        </test-method> <!-- goHome -->
        <test-method signature="testAcceptAlert()[pri:0, instance:alerts.JSAlertTests@1139b2f3]" started-at="2021-11-02T13:41:40 EET" name="testAcceptAlert" finished-at="2021-11-02T13:41:41 EET" duration-ms="398" status="PASS">
          <reporter-output>
          </reporter-output>
        </test-method> <!-- testAcceptAlert -->
        <test-method is-config="true" signature="screenshotFailure(org.testng.ITestResult)[pri:0, instance:alerts.JSAlertTests@1139b2f3]" started-at="2021-11-02T13:41:41 EET" name="screenshotFailure" finished-at="2021-11-02T13:41:41 EET" duration-ms="1" status="PASS">
          <params>
            <param index="0">
              <value>
                <![CDATA[[TestResult name=testAcceptAlert status=SUCCESS method=JSAlertTests.testAcceptAlert()[pri:0, instance:alerts.JSAlertTests@1139b2f3] output={null}]]]>
              </value>
            </param>
          </params>
          <reporter-output>
          </reporter-output>
        </test-method> <!-- screenshotFailure -->
        <test-method is-config="true" signature="goHome()[pri:0, instance:alerts.JSAlertTests@1139b2f3]" started-at="2021-11-02T13:41:41 EET" name="goHome" finished-at="2021-11-02T13:41:41 EET" duration-ms="221" status="PASS">
          <reporter-output>
          </reporter-output>
        </test-method> <!-- goHome -->
        <test-method signature="testCancelConfirmAlert()[pri:0, instance:alerts.JSAlertTests@1139b2f3]" started-at="2021-11-02T13:41:41 EET" name="testCancelConfirmAlert" finished-at="2021-11-02T13:41:41 EET" duration-ms="347" status="PASS">
          <reporter-output>
          </reporter-output>
        </test-method> <!-- testCancelConfirmAlert -->
        <test-method is-config="true" signature="screenshotFailure(org.testng.ITestResult)[pri:0, instance:alerts.JSAlertTests@1139b2f3]" started-at="2021-11-02T13:41:41 EET" name="screenshotFailure" finished-at="2021-11-02T13:41:41 EET" duration-ms="0" status="PASS">
          <params>
            <param index="0">
              <value>
                <![CDATA[[TestResult name=testCancelConfirmAlert status=SUCCESS method=JSAlertTests.testCancelConfirmAlert()[pri:0, instance:alerts.JSAlertTests@1139b2f3] output={null}]]]>
              </value>
            </param>
          </params>
          <reporter-output>
          </reporter-output>
        </test-method> <!-- screenshotFailure -->
        <test-method is-config="true" signature="goHome()[pri:0, instance:alerts.JSAlertTests@1139b2f3]" started-at="2021-11-02T13:41:41 EET" name="goHome" finished-at="2021-11-02T13:41:41 EET" duration-ms="193" status="PASS">
          <reporter-output>
          </reporter-output>
        </test-method> <!-- goHome -->
        <test-method signature="testOKConfirmAlert()[pri:0, instance:alerts.JSAlertTests@1139b2f3]" started-at="2021-11-02T13:41:41 EET" name="testOKConfirmAlert" finished-at="2021-11-02T13:41:42 EET" duration-ms="360" status="PASS">
          <reporter-output>
          </reporter-output>
        </test-method> <!-- testOKConfirmAlert -->
        <test-method is-config="true" signature="goHome()[pri:0, instance:alerts.JSAlertTests@1139b2f3]" started-at="2021-11-02T13:41:42 EET" name="goHome" finished-at="2021-11-02T13:41:42 EET" duration-ms="223" status="PASS">
          <reporter-output>
          </reporter-output>
        </test-method> <!-- goHome -->
        <test-method is-config="true" signature="screenshotFailure(org.testng.ITestResult)[pri:0, instance:alerts.JSAlertTests@1139b2f3]" started-at="2021-11-02T13:41:42 EET" name="screenshotFailure" finished-at="2021-11-02T13:41:42 EET" duration-ms="0" status="PASS">
          <params>
            <param index="0">
              <value>
                <![CDATA[[TestResult name=testOKConfirmAlert status=SUCCESS method=JSAlertTests.testOKConfirmAlert()[pri:0, instance:alerts.JSAlertTests@1139b2f3] output={null}]]]>
              </value>
            </param>
          </params>
          <reporter-output>
          </reporter-output>
        </test-method> <!-- screenshotFailure -->
        <test-method signature="testtyppingInPromptAndCancel()[pri:0, instance:alerts.JSAlertTests@1139b2f3]" started-at="2021-11-02T13:41:42 EET" name="testtyppingInPromptAndCancel" finished-at="2021-11-02T13:41:42 EET" duration-ms="388" status="PASS">
          <reporter-output>
          </reporter-output>
        </test-method> <!-- testtyppingInPromptAndCancel -->
        <test-method is-config="true" signature="goHome()[pri:0, instance:alerts.JSAlertTests@1139b2f3]" started-at="2021-11-02T13:41:42 EET" name="goHome" finished-at="2021-11-02T13:41:43 EET" duration-ms="211" status="PASS">
          <reporter-output>
          </reporter-output>
        </test-method> <!-- goHome -->
        <test-method is-config="true" signature="screenshotFailure(org.testng.ITestResult)[pri:0, instance:alerts.JSAlertTests@1139b2f3]" started-at="2021-11-02T13:41:42 EET" name="screenshotFailure" finished-at="2021-11-02T13:41:42 EET" duration-ms="0" status="PASS">
          <params>
            <param index="0">
              <value>
                <![CDATA[[TestResult name=testtyppingInPromptAndCancel status=SUCCESS method=JSAlertTests.testtyppingInPromptAndCancel()[pri:0, instance:alerts.JSAlertTests@1139b2f3] output={null}]]]>
              </value>
            </param>
          </params>
          <reporter-output>
          </reporter-output>
        </test-method> <!-- screenshotFailure -->
        <test-method signature="testtyppingInPromptAndOK()[pri:0, instance:alerts.JSAlertTests@1139b2f3]" started-at="2021-11-02T13:41:43 EET" name="testtyppingInPromptAndOK" finished-at="2021-11-02T13:41:43 EET" duration-ms="367" status="PASS">
          <reporter-output>
          </reporter-output>
        </test-method> <!-- testtyppingInPromptAndOK -->
        <test-method is-config="true" signature="screenshotFailure(org.testng.ITestResult)[pri:0, instance:alerts.JSAlertTests@1139b2f3]" started-at="2021-11-02T13:41:43 EET" name="screenshotFailure" finished-at="2021-11-02T13:41:43 EET" duration-ms="0" status="PASS">
          <params>
            <param index="0">
              <value>
                <![CDATA[[TestResult name=testtyppingInPromptAndOK status=SUCCESS method=JSAlertTests.testtyppingInPromptAndOK()[pri:0, instance:alerts.JSAlertTests@1139b2f3] output={null}]]]>
              </value>
            </param>
          </params>
          <reporter-output>
          </reporter-output>
        </test-method> <!-- screenshotFailure -->
        <test-method is-config="true" signature="tearDown()[pri:0, instance:alerts.JSAlertTests@1139b2f3]" started-at="2021-11-02T13:41:43 EET" name="tearDown" finished-at="2021-11-02T13:41:43 EET" duration-ms="588" status="PASS">
          <reporter-output>
          </reporter-output>
        </test-method> <!-- tearDown -->
      </class> <!-- alerts.JSAlertTests -->
    </test> <!-- Default test -->
  </suite> <!-- Default suite -->
</testng-results>
