<?xml version="1.0" encoding="UTF-8"?>
<testng-results ignored="3" total="4" passed="1" failed="0" skipped="0">
  <reporter-output>
  </reporter-output>
  <suite started-at="2021-11-08T11:28:06 GMT+02:00" name="Default suite" finished-at="2021-11-08T11:28:22 GMT+02:00" duration-ms="15951">
    <groups>
    </groups>
    <test started-at="2021-11-08T11:28:06 GMT+02:00" name="Default test" finished-at="2021-11-08T11:28:22 GMT+02:00" duration-ms="15951">
      <class name="login.LoginTests">
        <test-method is-config="true" signature="setup()[pri:0, instance:login.LoginTests@41e36e46]" started-at="2021-11-08T11:28:06 GMT+02:00" name="setup" finished-at="2021-11-08T11:28:19 GMT+02:00" duration-ms="13320" status="PASS">
          <reporter-output>
          </reporter-output>
        </test-method> <!-- setup -->
        <test-method is-config="true" signature="goHome()[pri:0, instance:login.LoginTests@41e36e46]" started-at="2021-11-08T11:28:19 GMT+02:00" name="goHome" finished-at="2021-11-08T11:28:20 GMT+02:00" duration-ms="337" status="PASS">
          <reporter-output>
          </reporter-output>
        </test-method> <!-- goHome -->
        <test-method signature="testSuccessfulLogin()[pri:0, instance:login.LoginTests@41e36e46]" started-at="2021-11-08T11:28:20 GMT+02:00" name="testSuccessfulLogin" finished-at="2021-11-08T11:28:21 GMT+02:00" duration-ms="1612" status="PASS">
          <reporter-output>
          </reporter-output>
        </test-method> <!-- testSuccessfulLogin -->
        <test-method is-config="true" signature="screenshotFailure(org.testng.ITestResult)[pri:0, instance:login.LoginTests@41e36e46]" started-at="2021-11-08T11:28:21 GMT+02:00" name="screenshotFailure" finished-at="2021-11-08T11:28:21 GMT+02:00" duration-ms="2" status="PASS">
          <params>
            <param index="0">
              <value>
                <![CDATA[[TestResult name=testSuccessfulLogin status=SUCCESS method=LoginTests.testSuccessfulLogin()[pri:0, instance:login.LoginTests@41e36e46] output={null}]]]>
              </value>
            </param>
          </params>
          <reporter-output>
          </reporter-output>
        </test-method> <!-- screenshotFailure -->
        <test-method is-config="true" signature="tearDown()[pri:0, instance:login.LoginTests@41e36e46]" started-at="2021-11-08T11:28:21 GMT+02:00" name="tearDown" finished-at="2021-11-08T11:28:22 GMT+02:00" duration-ms="642" status="PASS">
          <reporter-output>
          </reporter-output>
        </test-method> <!-- tearDown -->
      </class> <!-- login.LoginTests -->
    </test> <!-- Default test -->
  </suite> <!-- Default suite -->
</testng-results>
